<?xml version="1.0" encoding="UTF-8"?>
<!-- Generated by org.testng.reporters.JUnitXMLReporter -->
<testsuite hostname="DESKTOP-7881JK4" ignored="0" name="E-commerce Tests" tests="6" failures="0" timestamp="28 Mar 2025 12:09:49 GMT" time="0.13" errors="0">
  <testcase name="@BeforeClass setup" time="0.069" classname="tests.BaseTest">
    <failure type="java.lang.NullPointerException">
      <![CDATA[java.lang.NullPointerException
at tests.BaseTest.setup(BaseTest.java:24)
... Removed 26 stack frames]]>
    </failure>
  </testcase> <!-- @BeforeClass setup -->
  <testcase name="@AfterClass tearDown" time="0.0" classname="tests.BaseTest">
    <skipped/>
  </testcase> <!-- @AfterClass tearDown -->
  <testcase name="@BeforeClass setup" time="0.0" classname="tests.BaseTest">
    <failure type="java.lang.NullPointerException">
      <![CDATA[java.lang.NullPointerException
at tests.BaseTest.setup(BaseTest.java:24)
... Removed 26 stack frames]]>
    </failure>
  </testcase> <!-- @BeforeClass setup -->
  <testcase name="@AfterClass tearDown" time="0.0" classname="tests.BaseTest">
    <skipped/>
  </testcase> <!-- @AfterClass tearDown -->
  <testcase name="@BeforeClass setup" time="0.0" classname="tests.BaseTest">
    <failure type="java.lang.NullPointerException">
      <![CDATA[java.lang.NullPointerException
at tests.BaseTest.setup(BaseTest.java:24)
... Removed 26 stack frames]]>
    </failure>
  </testcase> <!-- @BeforeClass setup -->
  <testcase name="@AfterClass tearDown" time="0.0" classname="tests.BaseTest">
    <skipped/>
  </testcase> <!-- @AfterClass tearDown -->
  <testcase name="@BeforeClass setup" time="0.0" classname="tests.BaseTest">
    <failure type="java.lang.NullPointerException">
      <![CDATA[java.lang.NullPointerException
at tests.BaseTest.setup(BaseTest.java:24)
... Removed 26 stack frames]]>
    </failure>
  </testcase> <!-- @BeforeClass setup -->
  <testcase name="@AfterClass tearDown" time="0.0" classname="tests.BaseTest">
    <skipped/>
  </testcase> <!-- @AfterClass tearDown -->
  <testcase name="@BeforeClass setup" time="0.0" classname="tests.BaseTest">
    <failure type="java.lang.NullPointerException">
      <![CDATA[java.lang.NullPointerException
at tests.BaseTest.setup(BaseTest.java:24)
... Removed 26 stack frames]]>
    </failure>
  </testcase> <!-- @BeforeClass setup -->
  <testcase name="@AfterClass tearDown" time="0.0" classname="tests.BaseTest">
    <skipped/>
  </testcase> <!-- @AfterClass tearDown -->
  <testcase name="@BeforeClass setup" time="0.0" classname="tests.BaseTest">
    <failure type="java.lang.NullPointerException">
      <![CDATA[java.lang.NullPointerException
at tests.BaseTest.setup(BaseTest.java:24)
... Removed 26 stack frames]]>
    </failure>
  </testcase> <!-- @BeforeClass setup -->
  <testcase name="@AfterClass tearDown" time="0.0" classname="tests.BaseTest">
    <skipped/>
  </testcase> <!-- @AfterClass tearDown -->
  <testcase name="testSignInModalVisibility" time="0.0" classname="tests.HomePageTest">
    <skipped/>
  </testcase> <!-- testSignInModalVisibility -->
  <testcase name="testLogin" time="0.0" classname="tests.LoginPageTest">
    <skipped/>
  </testcase> <!-- testLogin -->
  <testcase name="testProductDetails" time="0.0" classname="tests.ProductPageTest">
    <skipped/>
  </testcase> <!-- testProductDetails -->
  <testcase name="testPlaceOrder" time="0.0" classname="tests.CartPageTest">
    <skipped/>
  </testcase> <!-- testPlaceOrder -->
  <testcase name="testCheckout" time="0.0" classname="tests.CheckoutPageTest">
    <skipped/>
  </testcase> <!-- testCheckout -->
  <testcase name="testLogout" time="0.0" classname="tests.LogoutTest">
    <skipped/>
  </testcase> <!-- testLogout -->
</testsuite> <!-- E-commerce Tests -->
