<?xml version="1.0" encoding="UTF-8"?>
<testng-results skipped="0" failed="0" ignored="12" total="19" passed="7">
  <reporter-output>
  </reporter-output>
  <suite name="Command line suite" duration-ms="85898" started-at="2025-03-30T17:17:25Z" finished-at="2025-03-30T17:18:51Z">
    <groups>
    </groups>
    <test name="Command line test" duration-ms="85898" started-at="2025-03-30T17:17:25Z" finished-at="2025-03-30T17:18:51Z">
      <class name="tests.CheckoutPageTest">
        <test-method status="PASS" signature="testCheckout()[pri:0, instance:tests.CheckoutPageTest@61a52fbd]" name="testCheckout" duration-ms="7830" started-at="2025-03-30T17:18:42Z" finished-at="2025-03-30T17:18:50Z">
          <reporter-output>
          </reporter-output>
        </test-method> <!-- testCheckout -->
      </class> <!-- tests.CheckoutPageTest -->
      <class name="tests.CartPageTest">
        <test-method status="PASS" signature="testPlaceOrder()[pri:0, instance:tests.CartPageTest@445b84c0]" name="testPlaceOrder" duration-ms="31092" started-at="2025-03-30T17:18:11Z" finished-at="2025-03-30T17:18:42Z">
          <reporter-output>
          </reporter-output>
        </test-method> <!-- testPlaceOrder -->
      </class> <!-- tests.CartPageTest -->
      <class name="tests.HomePageTest">
        <test-method status="PASS" signature="setup()[pri:0, instance:tests.HomePageTest@2fc14f68]" name="setup" is-config="true" duration-ms="5213" started-at="2025-03-30T17:17:20Z" finished-at="2025-03-30T17:17:25Z">
          <reporter-output>
          </reporter-output>
        </test-method> <!-- setup -->
        <test-method status="PASS" signature="testSignInModalVisibility()[pri:0, instance:tests.HomePageTest@2fc14f68]" name="testSignInModalVisibility" duration-ms="1098" started-at="2025-03-30T17:17:25Z" finished-at="2025-03-30T17:17:26Z">
          <reporter-output>
          </reporter-output>
        </test-method> <!-- testSignInModalVisibility -->
        <test-method status="PASS" signature="tearDown()[pri:0, instance:tests.HomePageTest@2fc14f68]" name="tearDown" is-config="true" duration-ms="817" started-at="2025-03-30T17:18:51Z" finished-at="2025-03-30T17:18:52Z">
          <reporter-output>
          </reporter-output>
        </test-method> <!-- tearDown -->
      </class> <!-- tests.HomePageTest -->
      <class name="tests.SignUpPageTest">
        <test-method status="PASS" signature="testSignUp()[pri:0, instance:tests.SignUpPageTest@591f989e]" name="testSignUp" duration-ms="10231" started-at="2025-03-30T17:17:26Z" finished-at="2025-03-30T17:17:37Z">
          <reporter-output>
          </reporter-output>
        </test-method> <!-- testSignUp -->
      </class> <!-- tests.SignUpPageTest -->
      <class name="tests.LoginPageTest">
        <test-method status="PASS" signature="testLogin()[pri:0, instance:tests.LoginPageTest@66048bfd]" name="testLogin" duration-ms="4720" started-at="2025-03-30T17:17:37Z" finished-at="2025-03-30T17:17:41Z">
          <reporter-output>
          </reporter-output>
        </test-method> <!-- testLogin -->
      </class> <!-- tests.LoginPageTest -->
      <class name="tests.ProductPageTest">
        <test-method status="PASS" signature="testProductDetails()[pri:0, instance:tests.ProductPageTest@61443d8f]" name="testProductDetails" duration-ms="29778" started-at="2025-03-30T17:17:41Z" finished-at="2025-03-30T17:18:11Z">
          <reporter-output>
          </reporter-output>
        </test-method> <!-- testProductDetails -->
      </class> <!-- tests.ProductPageTest -->
      <class name="tests.LogoutTest">
        <test-method status="PASS" signature="testLogout()[pri:0, instance:tests.LogoutTest@233c0b17]" name="testLogout" duration-ms="1094" started-at="2025-03-30T17:18:50Z" finished-at="2025-03-30T17:18:51Z">
          <reporter-output>
          </reporter-output>
        </test-method> <!-- testLogout -->
      </class> <!-- tests.LogoutTest -->
    </test> <!-- Command line test -->
  </suite> <!-- Command line suite -->
</testng-results>
